{
	"/Users/vanton/projects/racket-url-shortener/cloudflare-url-shortener/web-ui/client/src/App.jsx": {
		"path": "/Users/vanton/projects/racket-url-shortener/cloudflare-url-shortener/web-ui/client/src/App.jsx",
		"statementMap": {
			"0": { "start": { "line": 7, "column": 21 }, "end": { "line": 7, "column": null } },
			"1": { "start": { "line": 8, "column": 28 }, "end": { "line": 8, "column": null } },
			"2": { "start": { "line": 11, "column": 34 }, "end": { "line": 11, "column": null } },
			"3": { "start": { "line": 12, "column": 36 }, "end": { "line": 12, "column": null } },
			"4": { "start": { "line": 13, "column": 28 }, "end": { "line": 13, "column": null } },
			"5": { "start": { "line": 14, "column": 38 }, "end": { "line": 14, "column": null } },
			"6": { "start": { "line": 15, "column": 46 }, "end": { "line": 15, "column": null } },
			"7": { "start": { "line": 16, "column": 40 }, "end": { "line": 16, "column": null } },
			"8": { "start": { "line": 17, "column": 42 }, "end": { "line": 19, "column": null } },
			"9": { "start": { "line": 18, "column": 10 }, "end": { "line": 18, "column": null } },
			"10": { "start": { "line": 21, "column": 2 }, "end": { "line": 23, "column": null } },
			"11": { "start": { "line": 22, "column": 4 }, "end": { "line": 22, "column": null } },
			"12": { "start": { "line": 25, "column": 24 }, "end": { "line": 54, "column": null } },
			"13": { "start": { "line": 26, "column": 4 }, "end": { "line": 26, "column": null } },
			"14": { "start": { "line": 27, "column": 4 }, "end": { "line": 27, "column": null } },
			"15": { "start": { "line": 28, "column": 4 }, "end": { "line": 53, "column": null } },
			"16": { "start": { "line": 29, "column": 18 }, "end": { "line": 29, "column": null } },
			"17": { "start": { "line": 30, "column": 23 }, "end": { "line": 30, "column": null } },
			"18": { "start": { "line": 31, "column": 6 }, "end": { "line": 33, "column": null } },
			"19": { "start": { "line": 32, "column": 8 }, "end": { "line": 32, "column": null } },
			"20": { "start": { "line": 34, "column": 21 }, "end": { "line": 34, "column": null } },
			"21": { "start": { "line": 35, "column": 6 }, "end": { "line": 47, "column": null } },
			"22": { "start": { "line": 37, "column": 34 }, "end": { "line": 43, "column": null } },
			"23": { "start": { "line": 37, "column": 56 }, "end": { "line": 43, "column": 10 } },
			"24": { "start": { "line": 44, "column": 8 }, "end": { "line": 44, "column": null } },
			"25": { "start": { "line": 46, "column": 8 }, "end": { "line": 46, "column": null } },
			"26": { "start": { "line": 49, "column": 6 }, "end": { "line": 49, "column": null } },
			"27": { "start": { "line": 50, "column": 6 }, "end": { "line": 50, "column": null } },
			"28": { "start": { "line": 52, "column": 6 }, "end": { "line": 52, "column": null } },
			"29": { "start": { "line": 56, "column": 2 }, "end": { "line": 58, "column": null } },
			"30": { "start": { "line": 57, "column": 4 }, "end": { "line": 57, "column": null } },
			"31": { "start": { "line": 60, "column": 32 }, "end": { "line": 62, "column": null } },
			"32": { "start": { "line": 61, "column": 4 }, "end": { "line": 61, "column": null } },
			"33": { "start": { "line": 64, "column": 30 }, "end": { "line": 66, "column": null } },
			"34": { "start": { "line": 65, "column": 4 }, "end": { "line": 65, "column": null } },
			"35": { "start": { "line": 68, "column": 27 }, "end": { "line": 70, "column": null } },
			"36": { "start": { "line": 69, "column": 4 }, "end": { "line": 69, "column": null } },
			"37": { "start": { "line": 72, "column": 23 }, "end": { "line": 96, "column": null } },
			"38": { "start": { "line": 73, "column": 22 }, "end": { "line": 73, "column": null } },
			"39": { "start": { "line": 74, "column": 23 }, "end": { "line": 74, "column": null } },
			"40": { "start": { "line": 77, "column": 4 }, "end": { "line": 77, "column": null } },
			"41": { "start": { "line": 77, "column": 24 }, "end": { "line": 77, "column": 45 } },
			"42": { "start": { "line": 78, "column": 4 }, "end": { "line": 78, "column": null } },
			"43": { "start": { "line": 80, "column": 4 }, "end": { "line": 95, "column": null } },
			"44": { "start": { "line": 81, "column": 23 }, "end": { "line": 85, "column": null } },
			"45": { "start": { "line": 87, "column": 6 }, "end": { "line": 90, "column": null } },
			"46": { "start": { "line": 88, "column": 23 }, "end": { "line": 88, "column": null } },
			"47": { "start": { "line": 89, "column": 8 }, "end": { "line": 89, "column": null } },
			"48": { "start": { "line": 92, "column": 6 }, "end": { "line": 92, "column": null } },
			"49": { "start": { "line": 94, "column": 6 }, "end": { "line": 94, "column": null } },
			"50": { "start": { "line": 94, "column": 26 }, "end": { "line": 94, "column": 69 } },
			"51": { "start": { "line": 94, "column": 43 }, "end": { "line": 94, "column": 68 } },
			"52": { "start": { "line": 98, "column": 23 }, "end": { "line": 122, "column": null } },
			"53": { "start": { "line": 99, "column": 26 }, "end": { "line": 99, "column": null } },
			"54": { "start": { "line": 100, "column": 29 }, "end": { "line": 100, "column": null } },
			"55": { "start": { "line": 103, "column": 4 }, "end": { "line": 103, "column": null } },
			"56": { "start": { "line": 103, "column": 24 }, "end": { "line": 103, "column": 79 } },
			"57": { "start": { "line": 103, "column": 38 }, "end": { "line": 103, "column": 78 } },
			"58": { "start": { "line": 104, "column": 4 }, "end": { "line": 104, "column": null } },
			"59": { "start": { "line": 106, "column": 4 }, "end": { "line": 121, "column": null } },
			"60": { "start": { "line": 107, "column": 23 }, "end": { "line": 111, "column": null } },
			"61": { "start": { "line": 113, "column": 6 }, "end": { "line": 116, "column": null } },
			"62": { "start": { "line": 114, "column": 23 }, "end": { "line": 114, "column": null } },
			"63": { "start": { "line": 115, "column": 8 }, "end": { "line": 115, "column": null } },
			"64": { "start": { "line": 118, "column": 6 }, "end": { "line": 118, "column": null } },
			"65": { "start": { "line": 120, "column": 6 }, "end": { "line": 120, "column": null } },
			"66": { "start": { "line": 124, "column": 23 }, "end": { "line": 143, "column": null } },
			"67": { "start": { "line": 125, "column": 4 }, "end": { "line": 142, "column": null } },
			"68": { "start": { "line": 126, "column": 31 }, "end": { "line": 126, "column": null } },
			"69": { "start": { "line": 128, "column": 6 }, "end": { "line": 128, "column": null } },
			"70": { "start": { "line": 128, "column": 26 }, "end": { "line": 128, "column": 69 } },
			"71": { "start": { "line": 128, "column": 43 }, "end": { "line": 128, "column": 68 } },
			"72": { "start": { "line": 130, "column": 6 }, "end": { "line": 141, "column": null } },
			"73": { "start": { "line": 131, "column": 25 }, "end": { "line": 131, "column": null } },
			"74": { "start": { "line": 133, "column": 8 }, "end": { "line": 136, "column": null } },
			"75": { "start": { "line": 134, "column": 25 }, "end": { "line": 134, "column": null } },
			"76": { "start": { "line": 135, "column": 10 }, "end": { "line": 135, "column": null } },
			"77": { "start": { "line": 138, "column": 8 }, "end": { "line": 138, "column": null } },
			"78": { "start": { "line": 140, "column": 8 }, "end": { "line": 140, "column": null } },
			"79": { "start": { "line": 145, "column": 27 }, "end": { "line": 150, "column": null } },
			"80": { "start": { "line": 146, "column": 4 }, "end": { "line": 149, "column": null } },
			"81": { "start": { "line": 147, "column": 6 }, "end": { "line": 148, "column": null } },
			"82": { "start": { "line": 152, "column": 2 }, "end": { "line": 191, "column": null } },
			"83": { "start": { "line": 158, "column": 31 }, "end": { "line": 158, "column": null } },
			"84": { "start": { "line": 161, "column": 27 }, "end": { "line": 161, "column": null } },
			"85": { "start": { "line": 164, "column": 35 }, "end": { "line": 164, "column": null } },
			"86": { "start": { "line": 173, "column": 41 }, "end": { "line": 173, "column": null } },
			"87": { "start": { "line": 182, "column": 48 }, "end": { "line": 182, "column": 59 } },
			"88": { "start": { "line": 188, "column": 25 }, "end": { "line": 188, "column": null } },
			"89": { "start": { "line": 195, "column": 20 }, "end": { "line": 212, "column": null } },
			"90": { "start": { "line": 196, "column": 2 }, "end": { "line": 212, "column": null } },
			"91": { "start": { "line": 215, "column": 15 }, "end": { "line": 219, "column": null } },
			"92": { "start": { "line": 216, "column": 2 }, "end": { "line": 219, "column": null } },
			"93": { "start": { "line": 222, "column": 16 }, "end": { "line": 248, "column": null } },
			"94": { "start": { "line": 223, "column": 2 }, "end": { "line": 248, "column": null } },
			"95": { "start": { "line": 251, "column": 21 }, "end": { "line": 304, "column": null } },
			"96": { "start": { "line": 252, "column": 2 }, "end": { "line": 254, "column": null } },
			"97": { "start": { "line": 253, "column": 4 }, "end": { "line": 253, "column": null } },
			"98": { "start": { "line": 255, "column": 2 }, "end": { "line": 302, "column": null } },
			"99": { "start": { "line": 267, "column": 12 }, "end": { "line": 298, "column": null } },
			"100": { "start": { "line": 275, "column": 33 }, "end": { "line": 275, "column": null } },
			"101": { "start": { "line": 286, "column": 87 }, "end": { "line": 286, "column": 104 } },
			"102": { "start": { "line": 291, "column": 73 }, "end": { "line": 291, "column": 102 } },
			"103": { "start": { "line": 306, "column": 18 }, "end": { "line": 427, "column": null } },
			"104": { "start": { "line": 307, "column": 34 }, "end": { "line": 314, "column": null } },
			"105": { "start": { "line": 315, "column": 28 }, "end": { "line": 315, "column": null } },
			"106": { "start": { "line": 316, "column": 42 }, "end": { "line": 316, "column": null } },
			"107": { "start": { "line": 317, "column": 21 }, "end": { "line": 317, "column": null } },
			"108": { "start": { "line": 319, "column": 23 }, "end": { "line": 322, "column": null } },
			"109": { "start": { "line": 320, "column": 26 }, "end": { "line": 320, "column": null } },
			"110": { "start": { "line": 321, "column": 4 }, "end": { "line": 321, "column": null } },
			"111": { "start": { "line": 321, "column": 25 }, "end": { "line": 321, "column": 50 } },
			"112": { "start": { "line": 324, "column": 23 }, "end": { "line": 355, "column": null } },
			"113": { "start": { "line": 325, "column": 4 }, "end": { "line": 325, "column": null } },
			"114": { "start": { "line": 326, "column": 4 }, "end": { "line": 326, "column": null } },
			"115": { "start": { "line": 329, "column": 4 }, "end": { "line": 332, "column": null } },
			"116": { "start": { "line": 330, "column": 6 }, "end": { "line": 330, "column": null } },
			"117": { "start": { "line": 331, "column": 6 }, "end": { "line": 331, "column": null } },
			"118": { "start": { "line": 333, "column": 4 }, "end": { "line": 336, "column": null } },
			"119": { "start": { "line": 334, "column": 6 }, "end": { "line": 334, "column": null } },
			"120": { "start": { "line": 335, "column": 6 }, "end": { "line": 335, "column": null } },
			"121": { "start": { "line": 337, "column": 4 }, "end": { "line": 340, "column": null } },
			"122": { "start": { "line": 338, "column": 6 }, "end": { "line": 338, "column": null } },
			"123": { "start": { "line": 339, "column": 6 }, "end": { "line": 339, "column": null } },
			"124": { "start": { "line": 341, "column": 4 }, "end": { "line": 344, "column": null } },
			"125": { "start": { "line": 342, "column": 6 }, "end": { "line": 342, "column": null } },
			"126": { "start": { "line": 343, "column": 6 }, "end": { "line": 343, "column": null } },
			"127": { "start": { "line": 346, "column": 4 }, "end": { "line": 346, "column": null } },
			"128": { "start": { "line": 347, "column": 4 }, "end": { "line": 354, "column": null } },
			"129": { "start": { "line": 348, "column": 6 }, "end": { "line": 348, "column": null } },
			"130": { "start": { "line": 351, "column": 6 }, "end": { "line": 351, "column": null } },
			"131": { "start": { "line": 353, "column": 6 }, "end": { "line": 353, "column": null } },
			"132": { "start": { "line": 357, "column": 2 }, "end": { "line": 425, "column": null } },
			"133": { "start": { "line": 429, "column": 20 }, "end": { "line": 446, "column": null } },
			"134": { "start": { "line": 430, "column": 2 }, "end": { "line": 446, "column": null } },
			"135": { "start": { "line": 449, "column": 16 }, "end": { "line": 454, "column": null } },
			"136": { "start": { "line": 450, "column": 2 }, "end": { "line": 454, "column": null } }
		},
		"fnMap": {
			"0": {
				"name": "App",
				"decl": { "start": { "line": 10, "column": 9 }, "end": { "line": 10, "column": 15 } },
				"loc": { "start": { "line": 10, "column": 15 }, "end": { "line": 193, "column": null } }
			},
			"1": {
				"name": "(anonymous_1)",
				"decl": { "start": { "line": 18, "column": 4 }, "end": { "line": 18, "column": 10 } },
				"loc": { "start": { "line": 18, "column": 10 }, "end": { "line": 18, "column": null } }
			},
			"2": {
				"name": "(anonymous_2)",
				"decl": { "start": { "line": 21, "column": 12 }, "end": { "line": 21, "column": 18 } },
				"loc": { "start": { "line": 21, "column": 18 }, "end": { "line": 23, "column": 5 } }
			},
			"3": {
				"name": "(anonymous_3)",
				"decl": { "start": { "line": 25, "column": 24 }, "end": { "line": 25, "column": 31 } },
				"loc": { "start": { "line": 25, "column": 49 }, "end": { "line": 54, "column": null } }
			},
			"4": {
				"name": "(anonymous_4)",
				"decl": { "start": { "line": 37, "column": 50 }, "end": { "line": 37, "column": 56 } },
				"loc": { "start": { "line": 37, "column": 56 }, "end": { "line": 43, "column": 10 } }
			},
			"5": {
				"name": "(anonymous_5)",
				"decl": { "start": { "line": 56, "column": 12 }, "end": { "line": 56, "column": 18 } },
				"loc": { "start": { "line": 56, "column": 18 }, "end": { "line": 58, "column": 5 } }
			},
			"6": {
				"name": "(anonymous_6)",
				"decl": { "start": { "line": 60, "column": 32 }, "end": { "line": 60, "column": 38 } },
				"loc": { "start": { "line": 60, "column": 38 }, "end": { "line": 62, "column": null } }
			},
			"7": {
				"name": "(anonymous_7)",
				"decl": { "start": { "line": 64, "column": 30 }, "end": { "line": 64, "column": 31 } },
				"loc": { "start": { "line": 64, "column": 43 }, "end": { "line": 66, "column": null } }
			},
			"8": {
				"name": "(anonymous_8)",
				"decl": { "start": { "line": 68, "column": 27 }, "end": { "line": 68, "column": 33 } },
				"loc": { "start": { "line": 68, "column": 33 }, "end": { "line": 70, "column": null } }
			},
			"9": {
				"name": "(anonymous_9)",
				"decl": { "start": { "line": 72, "column": 23 }, "end": { "line": 72, "column": 30 } },
				"loc": { "start": { "line": 72, "column": 43 }, "end": { "line": 96, "column": null } }
			},
			"10": {
				"name": "(anonymous_10)",
				"decl": { "start": { "line": 77, "column": 16 }, "end": { "line": 77, "column": 24 } },
				"loc": { "start": { "line": 77, "column": 24 }, "end": { "line": 77, "column": 45 } }
			},
			"11": {
				"name": "(anonymous_11)",
				"decl": { "start": { "line": 94, "column": 18 }, "end": { "line": 94, "column": 26 } },
				"loc": { "start": { "line": 94, "column": 26 }, "end": { "line": 94, "column": 69 } }
			},
			"12": {
				"name": "(anonymous_12)",
				"decl": { "start": { "line": 94, "column": 38 }, "end": { "line": 94, "column": 43 } },
				"loc": { "start": { "line": 94, "column": 43 }, "end": { "line": 94, "column": 68 } }
			},
			"13": {
				"name": "(anonymous_13)",
				"decl": { "start": { "line": 98, "column": 23 }, "end": { "line": 98, "column": 30 } },
				"loc": { "start": { "line": 98, "column": 43 }, "end": { "line": 122, "column": null } }
			},
			"14": {
				"name": "(anonymous_14)",
				"decl": { "start": { "line": 103, "column": 16 }, "end": { "line": 103, "column": 24 } },
				"loc": { "start": { "line": 103, "column": 24 }, "end": { "line": 103, "column": 79 } }
			},
			"15": {
				"name": "(anonymous_15)",
				"decl": { "start": { "line": 103, "column": 33 }, "end": { "line": 103, "column": 38 } },
				"loc": { "start": { "line": 103, "column": 38 }, "end": { "line": 103, "column": 78 } }
			},
			"16": {
				"name": "(anonymous_16)",
				"decl": { "start": { "line": 124, "column": 23 }, "end": { "line": 124, "column": 30 } },
				"loc": { "start": { "line": 124, "column": 44 }, "end": { "line": 143, "column": null } }
			},
			"17": {
				"name": "(anonymous_17)",
				"decl": { "start": { "line": 128, "column": 18 }, "end": { "line": 128, "column": 26 } },
				"loc": { "start": { "line": 128, "column": 26 }, "end": { "line": 128, "column": 69 } }
			},
			"18": {
				"name": "(anonymous_18)",
				"decl": { "start": { "line": 128, "column": 38 }, "end": { "line": 128, "column": 43 } },
				"loc": { "start": { "line": 128, "column": 43 }, "end": { "line": 128, "column": 68 } }
			},
			"19": {
				"name": "(anonymous_19)",
				"decl": { "start": { "line": 145, "column": 35 }, "end": { "line": 145, "column": 41 } },
				"loc": { "start": { "line": 145, "column": 41 }, "end": { "line": 150, "column": 5 } }
			},
			"20": {
				"name": "(anonymous_20)",
				"decl": { "start": { "line": 146, "column": 27 }, "end": { "line": 146, "column": null } },
				"loc": { "start": { "line": 147, "column": 6 }, "end": { "line": 148, "column": null } }
			},
			"21": {
				"name": "(anonymous_21)",
				"decl": { "start": { "line": 158, "column": 24 }, "end": { "line": 158, "column": 25 } },
				"loc": { "start": { "line": 158, "column": 31 }, "end": { "line": 158, "column": null } }
			},
			"22": {
				"name": "(anonymous_22)",
				"decl": { "start": { "line": 161, "column": 21 }, "end": { "line": 161, "column": 27 } },
				"loc": { "start": { "line": 161, "column": 27 }, "end": { "line": 161, "column": null } }
			},
			"23": {
				"name": "(anonymous_23)",
				"decl": { "start": { "line": 164, "column": 30 }, "end": { "line": 164, "column": 35 } },
				"loc": { "start": { "line": 164, "column": 35 }, "end": { "line": 164, "column": null } }
			},
			"24": {
				"name": "(anonymous_24)",
				"decl": { "start": { "line": 173, "column": 26 }, "end": { "line": 173, "column": 27 } },
				"loc": { "start": { "line": 173, "column": 41 }, "end": { "line": 173, "column": null } }
			},
			"25": {
				"name": "(anonymous_25)",
				"decl": { "start": { "line": 182, "column": 43 }, "end": { "line": 182, "column": 48 } },
				"loc": { "start": { "line": 182, "column": 48 }, "end": { "line": 182, "column": 59 } }
			},
			"26": {
				"name": "(anonymous_26)",
				"decl": { "start": { "line": 188, "column": 19 }, "end": { "line": 188, "column": 25 } },
				"loc": { "start": { "line": 188, "column": 25 }, "end": { "line": 188, "column": null } }
			},
			"27": {
				"name": "(anonymous_27)",
				"decl": { "start": { "line": 195, "column": 20 }, "end": { "line": 195, "column": 21 } },
				"loc": { "start": { "line": 196, "column": 2 }, "end": { "line": 212, "column": null } }
			},
			"28": {
				"name": "(anonymous_28)",
				"decl": { "start": { "line": 215, "column": 15 }, "end": { "line": 215, "column": null } },
				"loc": { "start": { "line": 216, "column": 2 }, "end": { "line": 219, "column": null } }
			},
			"29": {
				"name": "(anonymous_29)",
				"decl": { "start": { "line": 222, "column": 16 }, "end": { "line": 222, "column": 17 } },
				"loc": { "start": { "line": 223, "column": 2 }, "end": { "line": 248, "column": null } }
			},
			"30": {
				"name": "(anonymous_30)",
				"decl": { "start": { "line": 251, "column": 21 }, "end": { "line": 251, "column": 22 } },
				"loc": { "start": { "line": 251, "column": 71 }, "end": { "line": 304, "column": null } }
			},
			"31": {
				"name": "(anonymous_31)",
				"decl": { "start": { "line": 266, "column": 24 }, "end": { "line": 266, "column": 25 } },
				"loc": { "start": { "line": 267, "column": 12 }, "end": { "line": 298, "column": null } }
			},
			"32": {
				"name": "(anonymous_32)",
				"decl": { "start": { "line": 275, "column": 27 }, "end": { "line": 275, "column": 33 } },
				"loc": { "start": { "line": 275, "column": 33 }, "end": { "line": 275, "column": null } }
			},
			"33": {
				"name": "(anonymous_33)",
				"decl": { "start": { "line": 286, "column": 81 }, "end": { "line": 286, "column": 87 } },
				"loc": { "start": { "line": 286, "column": 87 }, "end": { "line": 286, "column": 104 } }
			},
			"34": {
				"name": "(anonymous_34)",
				"decl": { "start": { "line": 291, "column": 67 }, "end": { "line": 291, "column": 73 } },
				"loc": { "start": { "line": 291, "column": 73 }, "end": { "line": 291, "column": 102 } }
			},
			"35": {
				"name": "(anonymous_35)",
				"decl": { "start": { "line": 306, "column": 18 }, "end": { "line": 306, "column": 19 } },
				"loc": { "start": { "line": 306, "column": 76 }, "end": { "line": 427, "column": null } }
			},
			"36": {
				"name": "(anonymous_36)",
				"decl": { "start": { "line": 319, "column": 23 }, "end": { "line": 319, "column": 24 } },
				"loc": { "start": { "line": 319, "column": 30 }, "end": { "line": 322, "column": null } }
			},
			"37": {
				"name": "(anonymous_37)",
				"decl": { "start": { "line": 321, "column": 16 }, "end": { "line": 321, "column": 25 } },
				"loc": { "start": { "line": 321, "column": 25 }, "end": { "line": 321, "column": 50 } }
			},
			"38": {
				"name": "(anonymous_38)",
				"decl": { "start": { "line": 324, "column": 23 }, "end": { "line": 324, "column": 30 } },
				"loc": { "start": { "line": 324, "column": 36 }, "end": { "line": 355, "column": null } }
			},
			"39": {
				"name": "(anonymous_39)",
				"decl": { "start": { "line": 429, "column": 20 }, "end": { "line": 429, "column": 21 } },
				"loc": { "start": { "line": 430, "column": 2 }, "end": { "line": 446, "column": null } }
			},
			"40": {
				"name": "(anonymous_40)",
				"decl": { "start": { "line": 449, "column": 16 }, "end": { "line": 449, "column": null } },
				"loc": { "start": { "line": 450, "column": 2 }, "end": { "line": 454, "column": null } }
			}
		},
		"branchMap": {
			"0": {
				"loc": { "start": { "line": 7, "column": 21 }, "end": { "line": 7, "column": null } },
				"type": "binary-expr",
				"locations": [
					{ "start": { "line": 7, "column": 21 }, "end": { "line": 7, "column": 58 } },
					{ "start": { "line": 7, "column": 58 }, "end": { "line": 7, "column": null } }
				]
			},
			"1": {
				"loc": { "start": { "line": 8, "column": 28 }, "end": { "line": 8, "column": null } },
				"type": "binary-expr",
				"locations": [
					{ "start": { "line": 8, "column": 28 }, "end": { "line": 8, "column": 63 } },
					{ "start": { "line": 8, "column": 63 }, "end": { "line": 8, "column": null } }
				]
			},
			"2": {
				"loc": { "start": { "line": 18, "column": 10 }, "end": { "line": 18, "column": null } },
				"type": "binary-expr",
				"locations": [
					{ "start": { "line": 18, "column": 10 }, "end": { "line": 18, "column": 50 } },
					{ "start": { "line": 18, "column": 50 }, "end": { "line": 18, "column": null } }
				]
			},
			"3": {
				"loc": { "start": { "line": 25, "column": 31 }, "end": { "line": 25, "column": 49 } },
				"type": "default-arg",
				"locations": [{ "start": { "line": 25, "column": 39 }, "end": { "line": 25, "column": 49 } }]
			},
			"4": {
				"loc": { "start": { "line": 29, "column": 18 }, "end": { "line": 29, "column": null } },
				"type": "cond-expr",
				"locations": [
					{ "start": { "line": 29, "column": 26 }, "end": { "line": 29, "column": 66 } },
					{ "start": { "line": 29, "column": 66 }, "end": { "line": 29, "column": null } }
				]
			},
			"5": {
				"loc": { "start": { "line": 31, "column": 6 }, "end": { "line": 33, "column": null } },
				"type": "if",
				"locations": [
					{ "start": { "line": 31, "column": 6 }, "end": { "line": 33, "column": null } },
					{ "start": {}, "end": {} }
				]
			},
			"6": {
				"loc": { "start": { "line": 35, "column": 6 }, "end": { "line": 47, "column": null } },
				"type": "if",
				"locations": [
					{ "start": { "line": 35, "column": 6 }, "end": { "line": 47, "column": null } },
					{ "start": { "line": 45, "column": 13 }, "end": { "line": 47, "column": null } }
				]
			},
			"7": {
				"loc": { "start": { "line": 38, "column": 21 }, "end": { "line": 38, "column": null } },
				"type": "binary-expr",
				"locations": [
					{ "start": { "line": 38, "column": 21 }, "end": { "line": 38, "column": 36 } },
					{ "start": { "line": 38, "column": 36 }, "end": { "line": 38, "column": null } }
				]
			},
			"8": {
				"loc": { "start": { "line": 39, "column": 19 }, "end": { "line": 39, "column": null } },
				"type": "binary-expr",
				"locations": [
					{ "start": { "line": 39, "column": 19 }, "end": { "line": 39, "column": 32 } },
					{ "start": { "line": 39, "column": 32 }, "end": { "line": 39, "column": null } }
				]
			},
			"9": {
				"loc": { "start": { "line": 40, "column": 22 }, "end": { "line": 40, "column": null } },
				"type": "binary-expr",
				"locations": [
					{ "start": { "line": 40, "column": 22 }, "end": { "line": 40, "column": 38 } },
					{ "start": { "line": 40, "column": 38 }, "end": { "line": 40, "column": null } }
				]
			},
			"10": {
				"loc": { "start": { "line": 41, "column": 22 }, "end": { "line": 41, "column": null } },
				"type": "binary-expr",
				"locations": [
					{ "start": { "line": 41, "column": 22 }, "end": { "line": 41, "column": 38 } },
					{ "start": { "line": 41, "column": 38 }, "end": { "line": 41, "column": null } }
				]
			},
			"11": {
				"loc": { "start": { "line": 42, "column": 24 }, "end": { "line": 42, "column": null } },
				"type": "binary-expr",
				"locations": [
					{ "start": { "line": 42, "column": 24 }, "end": { "line": 42, "column": 42 } },
					{ "start": { "line": 42, "column": 42 }, "end": { "line": 42, "column": null } }
				]
			},
			"12": {
				"loc": { "start": { "line": 46, "column": 24 }, "end": { "line": 46, "column": 67 } },
				"type": "binary-expr",
				"locations": [
					{ "start": { "line": 46, "column": 24 }, "end": { "line": 46, "column": 40 } },
					{ "start": { "line": 46, "column": 40 }, "end": { "line": 46, "column": 67 } }
				]
			},
			"13": {
				"loc": { "start": { "line": 73, "column": 22 }, "end": { "line": 73, "column": null } },
				"type": "binary-expr",
				"locations": [
					{ "start": { "line": 73, "column": 22 }, "end": { "line": 73, "column": 50 } },
					{ "start": { "line": 73, "column": 50 }, "end": { "line": 73, "column": null } }
				]
			},
			"14": {
				"loc": { "start": { "line": 87, "column": 6 }, "end": { "line": 90, "column": null } },
				"type": "if",
				"locations": [
					{ "start": { "line": 87, "column": 6 }, "end": { "line": 90, "column": null } },
					{ "start": {}, "end": {} }
				]
			},
			"15": {
				"loc": { "start": { "line": 89, "column": 24 }, "end": { "line": 89, "column": 67 } },
				"type": "binary-expr",
				"locations": [
					{ "start": { "line": 89, "column": 24 }, "end": { "line": 89, "column": 40 } },
					{ "start": { "line": 89, "column": 40 }, "end": { "line": 89, "column": 67 } }
				]
			},
			"16": {
				"loc": { "start": { "line": 103, "column": 38 }, "end": { "line": 103, "column": 78 } },
				"type": "cond-expr",
				"locations": [
					{ "start": { "line": 103, "column": 66 }, "end": { "line": 103, "column": 77 } },
					{ "start": { "line": 103, "column": 77 }, "end": { "line": 103, "column": 78 } }
				]
			},
			"17": {
				"loc": { "start": { "line": 113, "column": 6 }, "end": { "line": 116, "column": null } },
				"type": "if",
				"locations": [
					{ "start": { "line": 113, "column": 6 }, "end": { "line": 116, "column": null } },
					{ "start": {}, "end": {} }
				]
			},
			"18": {
				"loc": { "start": { "line": 115, "column": 24 }, "end": { "line": 115, "column": 67 } },
				"type": "binary-expr",
				"locations": [
					{ "start": { "line": 115, "column": 24 }, "end": { "line": 115, "column": 40 } },
					{ "start": { "line": 115, "column": 40 }, "end": { "line": 115, "column": 67 } }
				]
			},
			"19": {
				"loc": { "start": { "line": 125, "column": 4 }, "end": { "line": 142, "column": null } },
				"type": "if",
				"locations": [
					{ "start": { "line": 125, "column": 4 }, "end": { "line": 142, "column": null } },
					{ "start": {}, "end": {} }
				]
			},
			"20": {
				"loc": { "start": { "line": 133, "column": 8 }, "end": { "line": 136, "column": null } },
				"type": "if",
				"locations": [
					{ "start": { "line": 133, "column": 8 }, "end": { "line": 136, "column": null } },
					{ "start": {}, "end": {} }
				]
			},
			"21": {
				"loc": { "start": { "line": 135, "column": 26 }, "end": { "line": 135, "column": 69 } },
				"type": "binary-expr",
				"locations": [
					{ "start": { "line": 135, "column": 26 }, "end": { "line": 135, "column": 42 } },
					{ "start": { "line": 135, "column": 42 }, "end": { "line": 135, "column": 69 } }
				]
			},
			"22": {
				"loc": { "start": { "line": 147, "column": 6 }, "end": { "line": 148, "column": null } },
				"type": "binary-expr",
				"locations": [
					{ "start": { "line": 147, "column": 6 }, "end": { "line": 147, "column": null } },
					{ "start": { "line": 148, "column": 7 }, "end": { "line": 148, "column": 20 } },
					{ "start": { "line": 148, "column": 20 }, "end": { "line": 148, "column": null } }
				]
			},
			"23": {
				"loc": { "start": { "line": 166, "column": 9 }, "end": { "line": 166, "column": null } },
				"type": "binary-expr",
				"locations": [
					{ "start": { "line": 166, "column": 9 }, "end": { "line": 166, "column": 18 } },
					{ "start": { "line": 166, "column": 18 }, "end": { "line": 166, "column": null } }
				]
			},
			"24": {
				"loc": { "start": { "line": 167, "column": 9 }, "end": { "line": 167, "column": null } },
				"type": "binary-expr",
				"locations": [
					{ "start": { "line": 167, "column": 9 }, "end": { "line": 167, "column": 22 } },
					{ "start": { "line": 167, "column": 22 }, "end": { "line": 167, "column": null } }
				]
			},
			"25": {
				"loc": { "start": { "line": 168, "column": 9 }, "end": { "line": 174, "column": null } },
				"type": "binary-expr",
				"locations": [
					{ "start": { "line": 168, "column": 9 }, "end": { "line": 168, "column": 23 } },
					{ "start": { "line": 168, "column": 23 }, "end": { "line": 168, "column": null } },
					{ "start": { "line": 169, "column": 10 }, "end": { "line": 174, "column": null } }
				]
			},
			"26": {
				"loc": { "start": { "line": 177, "column": 7 }, "end": { "line": 183, "column": null } },
				"type": "binary-expr",
				"locations": [
					{ "start": { "line": 177, "column": 7 }, "end": { "line": 177, "column": null } },
					{ "start": { "line": 178, "column": 8 }, "end": { "line": 183, "column": null } }
				]
			},
			"27": {
				"loc": { "start": { "line": 181, "column": 18 }, "end": { "line": 181, "column": null } },
				"type": "cond-expr",
				"locations": [
					{ "start": { "line": 181, "column": 45 }, "end": { "line": 181, "column": 60 } },
					{ "start": { "line": 181, "column": 60 }, "end": { "line": 181, "column": null } }
				]
			},
			"28": {
				"loc": { "start": { "line": 185, "column": 7 }, "end": { "line": 189, "column": null } },
				"type": "binary-expr",
				"locations": [
					{ "start": { "line": 185, "column": 7 }, "end": { "line": 185, "column": null } },
					{ "start": { "line": 186, "column": 8 }, "end": { "line": 189, "column": null } }
				]
			},
			"29": {
				"loc": { "start": { "line": 252, "column": 2 }, "end": { "line": 254, "column": null } },
				"type": "if",
				"locations": [
					{ "start": { "line": 252, "column": 2 }, "end": { "line": 254, "column": null } },
					{ "start": {}, "end": {} }
				]
			},
			"30": {
				"loc": { "start": { "line": 329, "column": 4 }, "end": { "line": 332, "column": null } },
				"type": "if",
				"locations": [
					{ "start": { "line": 329, "column": 4 }, "end": { "line": 332, "column": null } },
					{ "start": {}, "end": {} }
				]
			},
			"31": {
				"loc": { "start": { "line": 333, "column": 4 }, "end": { "line": 336, "column": null } },
				"type": "if",
				"locations": [
					{ "start": { "line": 333, "column": 4 }, "end": { "line": 336, "column": null } },
					{ "start": {}, "end": {} }
				]
			},
			"32": {
				"loc": { "start": { "line": 333, "column": 8 }, "end": { "line": 333, "column": 93 } },
				"type": "binary-expr",
				"locations": [
					{ "start": { "line": 333, "column": 8 }, "end": { "line": 333, "column": 51 } },
					{ "start": { "line": 333, "column": 51 }, "end": { "line": 333, "column": 93 } }
				]
			},
			"33": {
				"loc": { "start": { "line": 337, "column": 4 }, "end": { "line": 340, "column": null } },
				"type": "if",
				"locations": [
					{ "start": { "line": 337, "column": 4 }, "end": { "line": 340, "column": null } },
					{ "start": {}, "end": {} }
				]
			},
			"34": {
				"loc": { "start": { "line": 337, "column": 8 }, "end": { "line": 337, "column": 88 } },
				"type": "binary-expr",
				"locations": [
					{ "start": { "line": 337, "column": 8 }, "end": { "line": 337, "column": 36 } },
					{ "start": { "line": 337, "column": 36 }, "end": { "line": 337, "column": 88 } }
				]
			},
			"35": {
				"loc": { "start": { "line": 341, "column": 4 }, "end": { "line": 344, "column": null } },
				"type": "if",
				"locations": [
					{ "start": { "line": 341, "column": 4 }, "end": { "line": 344, "column": null } },
					{ "start": {}, "end": {} }
				]
			},
			"36": {
				"loc": { "start": { "line": 341, "column": 8 }, "end": { "line": 341, "column": 78 } },
				"type": "binary-expr",
				"locations": [
					{ "start": { "line": 341, "column": 8 }, "end": { "line": 341, "column": 23 } },
					{ "start": { "line": 341, "column": 23 }, "end": { "line": 341, "column": 78 } }
				]
			},
			"37": {
				"loc": { "start": { "line": 362, "column": 41 }, "end": { "line": 362, "column": 96 } },
				"type": "cond-expr",
				"locations": [
					{ "start": { "line": 362, "column": 54 }, "end": { "line": 362, "column": 73 } },
					{ "start": { "line": 362, "column": 73 }, "end": { "line": 362, "column": 96 } }
				]
			},
			"38": {
				"loc": { "start": { "line": 366, "column": 13 }, "end": { "line": 366, "column": null } },
				"type": "binary-expr",
				"locations": [
					{ "start": { "line": 366, "column": 13 }, "end": { "line": 366, "column": 22 } },
					{ "start": { "line": 366, "column": 22 }, "end": { "line": 366, "column": null } }
				]
			},
			"39": {
				"loc": { "start": { "line": 383, "column": 21 }, "end": { "line": 383, "column": null } },
				"type": "cond-expr",
				"locations": [
					{ "start": { "line": 383, "column": 34 }, "end": { "line": 383, "column": 49 } },
					{ "start": { "line": 383, "column": 49 }, "end": { "line": 383, "column": null } }
				]
			},
			"40": {
				"loc": { "start": { "line": 389, "column": 27 }, "end": { "line": 389, "column": null } },
				"type": "cond-expr",
				"locations": [
					{ "start": { "line": 389, "column": 40 }, "end": { "line": 389, "column": 64 } },
					{ "start": { "line": 389, "column": 64 }, "end": { "line": 389, "column": null } }
				]
			},
			"41": {
				"loc": { "start": { "line": 391, "column": 33 }, "end": { "line": 391, "column": null } },
				"type": "cond-expr",
				"locations": [
					{ "start": { "line": 391, "column": 46 }, "end": { "line": 391, "column": 51 } },
					{ "start": { "line": 391, "column": 51 }, "end": { "line": 391, "column": null } }
				]
			},
			"42": {
				"loc": { "start": { "line": 415, "column": 19 }, "end": { "line": 416, "column": null } },
				"type": "binary-expr",
				"locations": [
					{ "start": { "line": 415, "column": 19 }, "end": { "line": 415, "column": null } },
					{ "start": { "line": 416, "column": 20 }, "end": { "line": 416, "column": null } }
				]
			},
			"43": {
				"loc": { "start": { "line": 418, "column": 19 }, "end": { "line": 418, "column": null } },
				"type": "cond-expr",
				"locations": [
					{ "start": { "line": 418, "column": 34 }, "end": { "line": 418, "column": 49 } },
					{ "start": { "line": 418, "column": 49 }, "end": { "line": 418, "column": null } }
				]
			},
			"44": {
				"loc": { "start": { "line": 418, "column": 49 }, "end": { "line": 418, "column": null } },
				"type": "cond-expr",
				"locations": [
					{ "start": { "line": 418, "column": 62 }, "end": { "line": 418, "column": 79 } },
					{ "start": { "line": 418, "column": 79 }, "end": { "line": 418, "column": null } }
				]
			}
		},
		"s": {
			"0": 1,
			"1": 1,
			"2": 3,
			"3": 3,
			"4": 3,
			"5": 3,
			"6": 3,
			"7": 3,
			"8": 3,
			"9": 1,
			"10": 3,
			"11": 1,
			"12": 3,
			"13": 1,
			"14": 1,
			"15": 1,
			"16": 1,
			"17": 1,
			"18": 1,
			"19": 0,
			"20": 1,
			"21": 1,
			"22": 1,
			"23": 1,
			"24": 1,
			"25": 0,
			"26": 0,
			"27": 0,
			"28": 1,
			"29": 3,
			"30": 1,
			"31": 3,
			"32": 0,
			"33": 3,
			"34": 1,
			"35": 3,
			"36": 0,
			"37": 3,
			"38": 0,
			"39": 0,
			"40": 0,
			"41": 0,
			"42": 0,
			"43": 0,
			"44": 0,
			"45": 0,
			"46": 0,
			"47": 0,
			"48": 0,
			"49": 0,
			"50": 0,
			"51": 0,
			"52": 3,
			"53": 0,
			"54": 0,
			"55": 0,
			"56": 0,
			"57": 0,
			"58": 0,
			"59": 0,
			"60": 0,
			"61": 0,
			"62": 0,
			"63": 0,
			"64": 0,
			"65": 0,
			"66": 3,
			"67": 0,
			"68": 0,
			"69": 0,
			"70": 0,
			"71": 0,
			"72": 0,
			"73": 0,
			"74": 0,
			"75": 0,
			"76": 0,
			"77": 0,
			"78": 0,
			"79": 3,
			"80": 2,
			"81": 1,
			"82": 3,
			"83": 0,
			"84": 0,
			"85": 0,
			"86": 0,
			"87": 1,
			"88": 0,
			"89": 1,
			"90": 3,
			"91": 1,
			"92": 3,
			"93": 1,
			"94": 3,
			"95": 1,
			"96": 2,
			"97": 0,
			"98": 2,
			"99": 2,
			"100": 0,
			"101": 1,
			"102": 0,
			"103": 1,
			"104": 1,
			"105": 1,
			"106": 1,
			"107": 1,
			"108": 1,
			"109": 0,
			"110": 0,
			"111": 0,
			"112": 1,
			"113": 0,
			"114": 0,
			"115": 0,
			"116": 0,
			"117": 0,
			"118": 0,
			"119": 0,
			"120": 0,
			"121": 0,
			"122": 0,
			"123": 0,
			"124": 0,
			"125": 0,
			"126": 0,
			"127": 0,
			"128": 0,
			"129": 0,
			"130": 0,
			"131": 0,
			"132": 1,
			"133": 1,
			"134": 0,
			"135": 1,
			"136": 1
		},
		"f": {
			"0": 3,
			"1": 1,
			"2": 1,
			"3": 1,
			"4": 1,
			"5": 1,
			"6": 0,
			"7": 1,
			"8": 0,
			"9": 0,
			"10": 0,
			"11": 0,
			"12": 0,
			"13": 0,
			"14": 0,
			"15": 0,
			"16": 0,
			"17": 0,
			"18": 0,
			"19": 2,
			"20": 1,
			"21": 0,
			"22": 0,
			"23": 0,
			"24": 0,
			"25": 1,
			"26": 0,
			"27": 3,
			"28": 3,
			"29": 3,
			"30": 2,
			"31": 2,
			"32": 0,
			"33": 1,
			"34": 0,
			"35": 1,
			"36": 0,
			"37": 0,
			"38": 0,
			"39": 0,
			"40": 1
		},
		"b": {
			"0": [1, 0],
			"1": [1, 0],
			"2": [1, 1],
			"3": [0],
			"4": [0, 1],
			"5": [0, 1],
			"6": [1, 0],
			"7": [1, 0],
			"8": [1, 0],
			"9": [1, 1],
			"10": [1, 1],
			"11": [1, 1],
			"12": [0, 0],
			"13": [0, 0],
			"14": [0, 0],
			"15": [0, 0],
			"16": [0, 0],
			"17": [0, 0],
			"18": [0, 0],
			"19": [0, 0],
			"20": [0, 0],
			"21": [0, 0],
			"22": [1, 0, 0],
			"23": [3, 0],
			"24": [3, 1],
			"25": [3, 2, 2],
			"26": [3, 1],
			"27": [1, 0],
			"28": [3, 0],
			"29": [0, 2],
			"30": [0, 0],
			"31": [0, 0],
			"32": [0, 0],
			"33": [0, 0],
			"34": [0, 0],
			"35": [0, 0],
			"36": [0, 0],
			"37": [1, 0],
			"38": [1, 0],
			"39": [1, 0],
			"40": [1, 0],
			"41": [1, 0],
			"42": [1, 0],
			"43": [0, 1],
			"44": [1, 0]
		}
	},
	"/Users/vanton/projects/racket-url-shortener/cloudflare-url-shortener/web-ui/client/src/main.jsx": {
		"path": "/Users/vanton/projects/racket-url-shortener/cloudflare-url-shortener/web-ui/client/src/main.jsx",
		"statementMap": { "0": { "start": { "line": 6, "column": 0 }, "end": { "line": 10, "column": null } } },
		"fnMap": {},
		"branchMap": {},
		"s": { "0": 0 },
		"f": {},
		"b": {}
	}
}
